/Users/lhogie/perso/local_files/job/dev/workspaces/general/byransha/target/classes
/Users/lhogie/perso/local_files/job/dev/workspaces/general/jaseto/target/classes
/Users/lhogie/.m2/repository/org/yaml/snakeyaml/1.21/snakeyaml-1.21.jar
/Users/lhogie/.m2/repository/me/grison/jtoml/1.1.1/jtoml-1.1.1.jar
/Users/lhogie/.m2/repository/com/fasterxml/jackson/dataformat/jackson-dataformat-xml/2.13.2/jackson-dataformat-xml-2.13.2.jar
/Users/lhogie/.m2/repository/com/fasterxml/jackson/core/jackson-annotations/2.13.2/jackson-annotations-2.13.2.jar
/Users/lhogie/.m2/repository/com/fasterxml/jackson/core/jackson-databind/2.13.2/jackson-databind-2.13.2.jar
/Users/lhogie/.m2/repository/org/codehaus/woodstox/stax2-api/4.2.1/stax2-api-4.2.1.jar
/Users/lhogie/.m2/repository/com/fasterxml/woodstox/woodstox-core/6.2.7/woodstox-core-6.2.7.jar
/Users/lhogie/.m2/repository/com/fasterxml/jackson/core/jackson-core/2.13.2/jackson-core-2.13.2.jar
/Users/lhogie/.m2/repository/com/google/code/gson/gson/2.8.6/gson-2.8.6.jar
/Users/lhogie/.m2/repository/it/unimi/dsi/fastutil/8.3.1/fastutil-8.3.1.jar
/Users/lhogie/.m2/repository/org/jsonex/JSONCoder/0.1.24/JSONCoder-0.1.24.jar
/Users/lhogie/.m2/repository/org/jsonex/treedoc/0.1.24/treedoc-0.1.24.jar
/Users/lhogie/.m2/repository/org/jsonex/core/0.1.24/core-0.1.24.jar
/Users/lhogie/.m2/repository/org/slf4j/slf4j-jdk14/1.7.25/slf4j-jdk14-1.7.25.jar
/Users/lhogie/.m2/repository/org/slf4j/slf4j-api/1.7.25/slf4j-api-1.7.25.jar
/Users/lhogie/.m2/repository/commons-io/commons-io/1.3.2/commons-io-1.3.2.jar
/Users/lhogie/.m2/repository/org/swinglabs/pdf-renderer/1.0.5/pdf-renderer-1.0.5.jar
/Users/lhogie/.m2/repository/de/ruedigermoeller/fst/3.0.1/fst-3.0.1.jar
/Users/lhogie/.m2/repository/org/javassist/javassist/3.21.0-GA/javassist-3.21.0-GA.jar
/Users/lhogie/.m2/repository/org/objenesis/objenesis/2.5.1/objenesis-2.5.1.jar
/Users/lhogie/.m2/repository/com/opencsv/opencsv/5.1/opencsv-5.1.jar
/Users/lhogie/.m2/repository/org/apache/commons/commons-lang3/3.9/commons-lang3-3.9.jar
/Users/lhogie/.m2/repository/org/apache/commons/commons-text/1.8/commons-text-1.8.jar
/Users/lhogie/.m2/repository/commons-beanutils/commons-beanutils/1.9.4/commons-beanutils-1.9.4.jar
/Users/lhogie/.m2/repository/commons-logging/commons-logging/1.2/commons-logging-1.2.jar
/Users/lhogie/.m2/repository/commons-collections/commons-collections/3.2.2/commons-collections-3.2.2.jar
/Users/lhogie/.m2/repository/org/apache/commons/commons-collections4/4.4/commons-collections4-4.4.jar
/Users/lhogie/.m2/repository/org/junit/jupiter/junit-jupiter-engine/5.7.0/junit-jupiter-engine-5.7.0.jar
/Users/lhogie/.m2/repository/org/apiguardian/apiguardian-api/1.1.0/apiguardian-api-1.1.0.jar
/Users/lhogie/.m2/repository/org/junit/platform/junit-platform-engine/1.7.0/junit-platform-engine-1.7.0.jar
/Users/lhogie/.m2/repository/org/opentest4j/opentest4j/1.2.0/opentest4j-1.2.0.jar
/Users/lhogie/.m2/repository/org/junit/platform/junit-platform-commons/1.7.0/junit-platform-commons-1.7.0.jar
/Users/lhogie/.m2/repository/org/junit/jupiter/junit-jupiter-api/5.7.0/junit-jupiter-api-5.7.0.jar
/Users/lhogie/perso/local_files/job/dev/workspaces/general/toools/target/classes
/Users/lhogie/.m2/repository/io/github/lhogie/toools/master-129978b233-1/toools-master-129978b233-1.jar
/Users/lhogie/.m2/repository/com/opencsv/opencsv/5.9/opencsv-5.9.jar
/Users/lhogie/.m2/repository/org/apache/commons/commons-lang3/3.13.0/commons-lang3-3.13.0.jar
/Users/lhogie/.m2/repository/org/apache/commons/commons-text/1.11.0/commons-text-1.11.0.jar
